<?xml version="1.0" encoding="UTF-8"?>
<!-- Generated by org.testng.reporters.JUnitReportReporter -->
<testsuite hostname="DESKTOP-3EITVAF" failures="0" tests="1" name="Apitestcases.postingWithOutEndPointTest" time="3.028" errors="0" timestamp="2022-10-04T09:29:34 IST" skipped="0">
  <testcase classname="Apitestcases.postingWithOutEndPointTest" name="postingwithoutendpoint" time="3.028"/>
  <system-out/>
</testsuite> <!-- Apitestcases.postingWithOutEndPointTest -->
