<?xml version="1.0" encoding="UTF-8"?>
<!-- Generated by org.testng.reporters.JUnitReportReporter -->
<testsuite hostname="DESKTOP-3EITVAF" failures="0" tests="1" name="Apitestcases.PostWithOutPortnoTest" time="3.098" errors="0" timestamp="2022-10-04T09:47:49 IST" skipped="0">
  <testcase classname="Apitestcases.PostWithOutPortnoTest" name="postingwithoutportno" time="3.098"/>
  <system-out/>
</testsuite> <!-- Apitestcases.PostWithOutPortnoTest -->
