<?xml version="1.0" encoding="UTF-8"?>
<!-- Generated by org.testng.reporters.JUnitReportReporter -->
<testsuite hostname="DESKTOP-3EITVAF" failures="0" tests="1" name="CRUDWithBDD.GetWithIDBDD" time="2.626" errors="0" timestamp="2022-10-03T17:49:04 IST" skipped="0">
  <testcase classname="CRUDWithBDD.GetWithIDBDD" name="getWithID" time="2.626"/>
  <system-out/>
</testsuite> <!-- CRUDWithBDD.GetWithIDBDD -->
