<?xml version="1.0" encoding="UTF-8"?>
<!-- Generated by org.testng.reporters.JUnitReportReporter -->
<testsuite hostname="DESKTOP-3EITVAF" failures="0" tests="1" name="CREDWithoutBDD.AddProjectTest" time="3.517" errors="0" timestamp="2022-09-28T15:42:32 IST" skipped="0">
  <testcase classname="CREDWithoutBDD.AddProjectTest" name="createProjectTest" time="3.517"/>
  <system-out/>
</testsuite> <!-- CREDWithoutBDD.AddProjectTest -->
