<?xml version="1.0" encoding="UTF-8"?>
<!-- Generated by org.testng.reporters.JUnitReportReporter -->
<testsuite hostname="DESKTOP-3EITVAF" failures="0" tests="1" name="CRUDWithBDD.PostWithBDD" time="3.739" errors="0" timestamp="2022-09-30T13:15:28 IST" skipped="0">
  <testcase classname="CRUDWithBDD.PostWithBDD" name="PostTest" time="3.739"/>
  <system-out/>
</testsuite> <!-- CRUDWithBDD.PostWithBDD -->
