<?xml version="1.0" encoding="UTF-8"?>
<!-- Generated by org.testng.reporters.JUnitReportReporter -->
<testsuite hostname="DESKTOP-3EITVAF" failures="0" tests="1" name="Apitestcases.PostIntValueInsteasdOfStringTest" time="3.215" errors="0" timestamp="2022-10-04T11:39:21 IST" skipped="0">
  <testcase classname="Apitestcases.PostIntValueInsteasdOfStringTest" name="postintvalueinsteasdofString" time="3.215"/>
  <system-out/>
</testsuite> <!-- Apitestcases.PostIntValueInsteasdOfStringTest -->
