<?xml version="1.0" encoding="UTF-8"?>
<!-- Generated by org.testng.reporters.JUnitReportReporter -->
<testsuite hostname="DESKTOP-3EITVAF" failures="0" tests="1" name="Validation.StaticValidation" time="2.658" errors="0" timestamp="2022-10-03T16:59:56 IST" skipped="0">
  <testcase classname="Validation.StaticValidation" name="validation" time="2.658"/>
  <system-out/>
</testsuite> <!-- Validation.StaticValidation -->
