<?xml version="1.0" encoding="UTF-8"?>
<!-- Generated by org.testng.reporters.JUnitReportReporter -->
<testsuite hostname="DESKTOP-3EITVAF" failures="0" tests="1" name="StaticValidation.DynamicValidation" time="3.445" errors="0" timestamp="2022-10-03T16:10:56 IST" skipped="0">
  <testcase classname="StaticValidation.DynamicValidation" name="validation" time="3.445"/>
  <system-out/>
</testsuite> <!-- StaticValidation.DynamicValidation -->
