<?xml version="1.0" encoding="UTF-8"?>
<!-- Generated by org.testng.reporters.JUnitReportReporter -->
<testsuite hostname="DESKTOP-3EITVAF" failures="0" tests="1" name="CRUDWithBDD.DeleteWithBDD" time="3.042" errors="0" timestamp="2022-10-06T16:20:59 IST" skipped="0">
  <testcase classname="CRUDWithBDD.DeleteWithBDD" name="deleteTest" time="3.042"/>
  <system-out/>
</testsuite> <!-- CRUDWithBDD.DeleteWithBDD -->
