<?xml version="1.0" encoding="UTF-8"?>
<!-- Generated by org.testng.reporters.JUnitReportReporter -->
<testsuite hostname="DESKTOP-3EITVAF" failures="0" tests="1" name="Parameters.PathParameterTest" time="2.596" errors="0" timestamp="2022-10-06T11:25:12 IST" skipped="0">
  <testcase classname="Parameters.PathParameterTest" name="path" time="2.596"/>
  <system-out/>
</testsuite> <!-- Parameters.PathParameterTest -->
