<?xml version="1.0" encoding="UTF-8"?>
<!-- Generated by org.testng.reporters.JUnitReportReporter -->
<testsuite hostname="DESKTOP-3EITVAF" failures="0" tests="1" name="CREDWithoutBDD.GetTest" time="2.691" errors="0" timestamp="2022-10-04T10:49:33 IST" skipped="0">
  <testcase classname="CREDWithoutBDD.GetTest" name="getRequest" time="2.691"/>
  <system-out/>
</testsuite> <!-- CREDWithoutBDD.GetTest -->
