<?xml version="1.0" encoding="UTF-8"?>
<!-- Generated by org.testng.reporters.JUnitReportReporter -->
<testsuite hostname="DESKTOP-3EITVAF" failures="0" tests="1" name="RequestChaining.PostWithRandomAndGetTest" time="4.996" errors="0" timestamp="2022-10-06T16:32:30 IST" skipped="0">
  <testcase classname="RequestChaining.PostWithRandomAndGetTest" name="postAndGet" time="4.996"/>
  <system-out/>
</testsuite> <!-- RequestChaining.PostWithRandomAndGetTest -->
