<?xml version="1.0" encoding="UTF-8"?>
<!-- Generated by org.testng.reporters.JUnitReportReporter -->
<testsuite hostname="DESKTOP-3EITVAF" failures="0" tests="1" name="Authentication.AuthenticationTest" time="4.269" errors="0" timestamp="2022-10-14T11:37:43 IST" skipped="0">
  <testcase classname="Authentication.AuthenticationTest" name="premitiveAuth" time="4.269"/>
  <system-out/>
</testsuite> <!-- Authentication.AuthenticationTest -->
