<?xml version="1.0" encoding="UTF-8"?>
<!-- Generated by org.testng.reporters.JUnitReportReporter -->
<testsuite hostname="DESKTOP-3EITVAF" failures="0" tests="1" name="RequestChaining.GetAndDeleteTest" time="3.916" errors="0" timestamp="2022-10-06T16:29:03 IST" skipped="0">
  <testcase classname="RequestChaining.GetAndDeleteTest" name="getAndDelete" time="3.916"/>
  <system-out/>
</testsuite> <!-- RequestChaining.GetAndDeleteTest -->
