<?xml version="1.0" encoding="UTF-8"?>
<!-- Generated by org.testng.reporters.JUnitReportReporter -->
<testsuite hostname="DESKTOP-3EITVAF" failures="0" tests="1" name="RequestChaining.PostAndPutTest" time="4.175" errors="0" timestamp="2022-10-06T15:04:52 IST" skipped="0">
  <testcase classname="RequestChaining.PostAndPutTest" name="postAndPut" time="4.175"/>
  <system-out/>
</testsuite> <!-- RequestChaining.PostAndPutTest -->
