<?xml version="1.0" encoding="UTF-8"?>
<!-- Generated by org.testng.reporters.JUnitReportReporter -->
<testsuite hostname="DESKTOP-3EITVAF" failures="0" tests="1" name="Apitestcases.OnlyGivingPortNoTest" time="2.456" errors="0" timestamp="2022-10-04T11:20:47 IST" skipped="0">
  <testcase classname="Apitestcases.OnlyGivingPortNoTest" name="withOutUripPortAndeEndPointGetTest" time="2.456"/>
  <system-out/>
</testsuite> <!-- Apitestcases.OnlyGivingPortNoTest -->
