<?xml version="1.0" encoding="UTF-8"?>
<!-- Generated by org.testng.reporters.JUnitReportReporter -->
<testsuite hostname="DESKTOP-3EITVAF" failures="0" tests="1" name="Apitestcases.GetWithOutProjectPresentInTheServerTest" time="5.582" errors="0" timestamp="2022-10-04T11:07:14 IST" skipped="0">
  <testcase classname="Apitestcases.GetWithOutProjectPresentInTheServerTest" name="Getwithoutprojectpresentintheserver" time="5.582"/>
  <system-out/>
</testsuite> <!-- Apitestcases.GetWithOutProjectPresentInTheServerTest -->
