<?xml version="1.0" encoding="UTF-8"?>
<!-- Generated by org.testng.reporters.JUnitReportReporter -->
<testsuite hostname="DESKTOP-3EITVAF" failures="0" tests="1" name="CRUDWithBDD.GetWithBDDTest" time="3.116" errors="0" timestamp="2022-10-11T11:43:10 IST" skipped="0">
  <testcase classname="CRUDWithBDD.GetWithBDDTest" name="getTest" time="3.116"/>
  <system-out/>
</testsuite> <!-- CRUDWithBDD.GetWithBDDTest -->
