<?xml version="1.0" encoding="UTF-8"?>
<!-- Generated by org.testng.reporters.JUnitReportReporter -->
<testsuite hostname="DESKTOP-3EITVAF" failures="0" tests="1" name="RequestChaining.GetAndDelete" time="7.385" errors="0" timestamp="2022-10-06T15:34:16 IST" skipped="0">
  <testcase classname="RequestChaining.GetAndDelete" name="getAndDelete" time="7.385"/>
  <system-out/>
</testsuite> <!-- RequestChaining.GetAndDelete -->
