<?xml version="1.0" encoding="UTF-8"?>
<!-- Generated by org.testng.reporters.JUnitReportReporter -->
<testsuite hostname="DESKTOP-3EITVAF" failures="0" tests="1" name="MultipleWaysToPost.PostWithFile" time="2.822" errors="0" timestamp="2022-10-11T12:35:19 IST" skipped="0">
  <testcase classname="MultipleWaysToPost.PostWithFile" name="fileTest" time="2.822"/>
  <system-out/>
</testsuite> <!-- MultipleWaysToPost.PostWithFile -->
