<?xml version="1.0" encoding="UTF-8"?>
<!-- Generated by org.testng.reporters.JUnitReportReporter -->
<testsuite hostname="DESKTOP-3EITVAF" failures="0" tests="1" name="Apitestcases.DeleteWithOutBaseUri" time="2.709" errors="0" timestamp="2022-10-04T10:51:39 IST" skipped="0">
  <testcase classname="Apitestcases.DeleteWithOutBaseUri" name="Delete" time="2.709"/>
  <system-out/>
</testsuite> <!-- Apitestcases.DeleteWithOutBaseUri -->
