<?xml version="1.0" encoding="UTF-8"?>
<!-- Generated by org.testng.reporters.JUnitReportReporter -->
<testsuite hostname="DESKTOP-3EITVAF" failures="0" tests="3" name="FunctionalTesting.CreateProjectInReactDeleteInApiAndVerifyInDatabase" time="28.874" errors="0" timestamp="2022-10-10T15:37:30 IST" skipped="0">
  <testcase classname="FunctionalTesting.CreateProjectInReactDeleteInApiAndVerifyInDatabase" name="deleteInAPITest" time="2.234"/>
  <system-out/>
  <testcase classname="FunctionalTesting.CreateProjectInReactDeleteInApiAndVerifyInDatabase" name="createProjectInReact" time="26.280"/>
  <system-out/>
  <testcase classname="FunctionalTesting.CreateProjectInReactDeleteInApiAndVerifyInDatabase" name="validateInDataBase" time="0.360"/>
  <system-out/>
</testsuite> <!-- FunctionalTesting.CreateProjectInReactDeleteInApiAndVerifyInDatabase -->
