<?xml version="1.0" encoding="UTF-8"?>
<!-- Generated by org.testng.reporters.JUnitReportReporter -->
<testsuite hostname="DESKTOP-3EITVAF" failures="0" tests="1" name="Apitestcases.PostWithoutBodyTest" time="3.066" errors="0" timestamp="2022-10-04T09:47:19 IST" skipped="0">
  <testcase classname="Apitestcases.PostWithoutBodyTest" name="postwihoutbodyTest" time="3.066"/>
  <system-out/>
</testsuite> <!-- Apitestcases.PostWithoutBodyTest -->
