<?xml version="1.0" encoding="UTF-8"?>
<!-- Generated by org.testng.reporters.JUnitReportReporter -->
<testsuite hostname="DESKTOP-3EITVAF" failures="0" tests="2" name="DataDrivenInRest.PostThroughDataDriven" time="3.221" errors="0" timestamp="2022-10-11T15:54:01 IST" skipped="0">
  <testcase classname="DataDrivenInRest.PostThroughDataDriven" name="postThroughDataProvider" time="3.083"/>
  <system-out/>
  <testcase classname="DataDrivenInRest.PostThroughDataDriven" name="postThroughDataProvider" time="0.138"/>
  <system-out/>
</testsuite> <!-- DataDrivenInRest.PostThroughDataDriven -->
