<?xml version="1.0" encoding="UTF-8"?>
<!-- Generated by org.testng.reporters.JUnitReportReporter -->
<testsuite hostname="DESKTOP-3EITVAF" failures="0" tests="1" name="Validation.TwoStatusCodeTest" time="4.208" errors="0" timestamp="2022-10-06T17:00:36 IST" skipped="0">
  <testcase classname="Validation.TwoStatusCodeTest" name="twoCodes" time="4.208"/>
  <system-out/>
</testsuite> <!-- Validation.TwoStatusCodeTest -->
