<?xml version="1.0" encoding="UTF-8"?>
<!-- Generated by org.testng.reporters.JUnitReportReporter -->
<testsuite hostname="DESKTOP-3EITVAF" failures="0" tests="1" name="CREDWithoutBDD.GetParticularIdTest" time="3.064" errors="0" timestamp="2022-09-28T12:48:18 IST" skipped="0">
  <testcase classname="CREDWithoutBDD.GetParticularIdTest" name="getId" time="3.064"/>
  <system-out/>
</testsuite> <!-- CREDWithoutBDD.GetParticularIdTest -->
