<?xml version="1.0" encoding="UTF-8"?>
<!-- Generated by org.testng.reporters.JUnitReportReporter -->
<testsuite hostname="DESKTOP-3EITVAF" failures="0" tests="1" name="Validation.bodyValidation" time="2.642" errors="0" timestamp="2022-10-03T17:55:24 IST" skipped="0">
  <testcase classname="Validation.bodyValidation" name="createdByValidation" time="2.642"/>
  <system-out/>
</testsuite> <!-- Validation.bodyValidation -->
