<?xml version="1.0" encoding="UTF-8"?>
<!-- Generated by org.testng.reporters.JUnitReportReporter -->
<testsuite hostname="DESKTOP-3EITVAF" failures="0" tests="1" name="Apitestcases.PostWithOutUriandEndPorint" time="2.876" errors="0" timestamp="2022-10-04T09:35:27 IST" skipped="0">
  <testcase classname="Apitestcases.PostWithOutUriandEndPorint" name="postingwithouturi" time="2.876"/>
  <system-out/>
</testsuite> <!-- Apitestcases.PostWithOutUriandEndPorint -->
