<?xml version="1.0" encoding="UTF-8"?>
<!-- Generated by org.testng.reporters.JUnitReportReporter -->
<testsuite hostname="DESKTOP-3EITVAF" failures="0" tests="1" name="RequestChaining.PostWithRandomAndDeleteTest" time="4.879" errors="0" timestamp="2022-10-06T16:26:26 IST" skipped="0">
  <testcase classname="RequestChaining.PostWithRandomAndDeleteTest" name="postWithAndDelete" time="4.879"/>
  <system-out/>
</testsuite> <!-- RequestChaining.PostWithRandomAndDeleteTest -->
