<?xml version="1.0" encoding="UTF-8"?>
<!-- Generated by org.testng.reporters.JUnitReportReporter -->
<testsuite hostname="DESKTOP-3EITVAF" failures="0" tests="1" name="Validation.timeValidation" time="4.988" errors="0" timestamp="2022-10-06T10:22:05 IST" skipped="0">
  <testcase classname="Validation.timeValidation" name="timeVaidate" time="4.988"/>
  <system-out/>
</testsuite> <!-- Validation.timeValidation -->
