<?xml version="1.0" encoding="UTF-8"?>
<!-- Generated by org.testng.reporters.JUnitReportReporter -->
<testsuite hostname="DESKTOP-3EITVAF" failures="0" tests="3" name="FunctionalTesting.EndToEndTest" time="13.370" errors="0" timestamp="2022-10-10T11:53:08 IST" skipped="0">
  <testcase classname="FunctionalTesting.EndToEndTest" name="addProjecTest" time="4.463"/>
  <system-out/>
  <testcase classname="FunctionalTesting.EndToEndTest" name="getIdInReactTest" time="8.623"/>
  <system-out/>
  <testcase classname="FunctionalTesting.EndToEndTest" name="validateInDataBase" time="0.284"/>
  <system-out/>
</testsuite> <!-- FunctionalTesting.EndToEndTest -->
