<?xml version="1.0" encoding="UTF-8"?>
<!-- Generated by org.testng.reporters.JUnitReportReporter -->
<testsuite hostname="DESKTOP-3EITVAF" failures="0" tests="1" name="Authentication.Ouath2" time="6.697" errors="0" timestamp="2022-10-11T23:04:45 IST" skipped="0">
  <testcase classname="Authentication.Ouath2" name="ouath2" time="6.697"/>
  <system-out/>
</testsuite> <!-- Authentication.Ouath2 -->
