<?xml version="1.0" encoding="UTF-8"?>
<!-- Generated by org.testng.reporters.JUnitReportReporter -->
<testsuite hostname="DESKTOP-3EITVAF" failures="0" tests="1" name="Authentication.BearerTokenTest" time="5.939" errors="0" timestamp="2022-10-07T15:33:47 IST" skipped="0">
  <testcase classname="Authentication.BearerTokenTest" name="bearerTocken" time="5.939"/>
  <system-out/>
</testsuite> <!-- Authentication.BearerTokenTest -->
