<?xml version="1.0" encoding="UTF-8"?>
<!-- Generated by org.testng.reporters.JUnitReportReporter -->
<testsuite hostname="DESKTOP-3EITVAF" failures="0" tests="1" name="EndToEndScenarios.CreateProjectInReactAppUpdateThroughApiAndDeleteInDataBase" time="28.642" errors="0" timestamp="2022-10-11T22:41:40 IST" skipped="0">
  <testcase classname="EndToEndScenarios.CreateProjectInReactAppUpdateThroughApiAndDeleteInDataBase" name="createUpdateAndDelete" time="28.642"/>
  <system-out/>
</testsuite> <!-- EndToEndScenarios.CreateProjectInReactAppUpdateThroughApiAndDeleteInDataBase -->
