<?xml version="1.0" encoding="UTF-8"?>
<!-- Generated by org.testng.reporters.JUnitReportReporter -->
<testsuite hostname="DESKTOP-3EITVAF" failures="0" tests="1" name="StaticValidation.ParticularDataValidation" time="3.517" errors="0" timestamp="2022-10-03T16:04:12 IST" skipped="0">
  <testcase classname="StaticValidation.ParticularDataValidation" name="validation" time="3.517"/>
  <system-out/>
</testsuite> <!-- StaticValidation.ParticularDataValidation -->
