<?xml version="1.0" encoding="UTF-8"?>
<!-- Generated by org.testng.reporters.JUnitReportReporter -->
<testsuite hostname="DESKTOP-3EITVAF" failures="0" tests="1" name="CREDWithoutBDD.PutTest" time="3.293" errors="0" timestamp="2022-09-28T12:59:23 IST" skipped="0">
  <testcase classname="CREDWithoutBDD.PutTest" name="changeResource" time="3.293"/>
  <system-out/>
</testsuite> <!-- CREDWithoutBDD.PutTest -->
