<?xml version="1.0" encoding="UTF-8"?>
<!-- Generated by org.testng.reporters.JUnitReportReporter -->
<testsuite hostname="DESKTOP-3EITVAF" failures="0" tests="1" name="CREDWithoutBDD.PostThroughRandomTest" time="10.826" errors="0" timestamp="2022-09-28T15:43:33 IST" skipped="0">
  <testcase classname="CREDWithoutBDD.PostThroughRandomTest" name="postRandom" time="10.826"/>
  <system-out/>
</testsuite> <!-- CREDWithoutBDD.PostThroughRandomTest -->
