<?xml version="1.0" encoding="UTF-8"?>
<!-- Generated by org.testng.reporters.JUnitReportReporter -->
<testsuite hostname="DESKTOP-3EITVAF" failures="0" tests="1" name="CREDWithoutBDD.DeleteTest" time="3.194" errors="0" timestamp="2022-09-28T13:06:35 IST" skipped="0">
  <testcase classname="CREDWithoutBDD.DeleteTest" name="deleteResource" time="3.194"/>
  <system-out/>
</testsuite> <!-- CREDWithoutBDD.DeleteTest -->
