<?xml version="1.0" encoding="UTF-8"?>
<!-- Generated by org.testng.reporters.JUnitReportReporter -->
<testsuite hostname="DESKTOP-3EITVAF" failures="0" tests="1" name="RequestChaining.GetAndPut" time="4.052" errors="0" timestamp="2022-10-06T15:46:35 IST" skipped="0">
  <testcase classname="RequestChaining.GetAndPut" name="getAndDelete" time="4.052"/>
  <system-out/>
</testsuite> <!-- RequestChaining.GetAndPut -->
