<?xml version="1.0" encoding="UTF-8"?>
<!-- Generated by org.testng.reporters.JUnitReportReporter -->
<testsuite hostname="DESKTOP-3EITVAF" failures="0" tests="1" name="CRUDWithBDD.PutWithBDD" time="3.607" errors="0" timestamp="2022-10-10T15:14:34 IST" skipped="0">
  <testcase classname="CRUDWithBDD.PutWithBDD" name="putTest" time="3.607"/>
  <system-out/>
</testsuite> <!-- CRUDWithBDD.PutWithBDD -->
