<?xml version="1.0" encoding="UTF-8"?>
<!-- Generated by org.testng.reporters.JUnitReportReporter -->
<testsuite hostname="DESKTOP-3EITVAF" failures="0" tests="1" name="CRUDWithBDD.GetWithBDD" time="2.790" errors="0" timestamp="2022-09-30T13:16:47 IST" skipped="0">
  <testcase classname="CRUDWithBDD.GetWithBDD" name="getTest" time="2.790"/>
  <system-out/>
</testsuite> <!-- CRUDWithBDD.GetWithBDD -->
