<?xml version="1.0" encoding="UTF-8"?>
<!-- Generated by org.testng.reporters.JUnitReportReporter -->
<testsuite hostname="DESKTOP-3EITVAF" failures="0" tests="1" name="Authentication.BasicAuthTest" time="2.970" errors="0" timestamp="2022-10-11T22:51:43 IST" skipped="0">
  <testcase classname="Authentication.BasicAuthTest" name="basicAuth" time="2.970"/>
  <system-out/>
</testsuite> <!-- Authentication.BasicAuthTest -->
