<?xml version="1.0" encoding="UTF-8"?>
<!-- Generated by org.testng.reporters.JUnitReportReporter -->
<testsuite hostname="DESKTOP-3EITVAF" failures="0" tests="1" name="Parameters.QueryParameter" time="3.691" errors="0" timestamp="2022-10-06T12:34:10 IST" skipped="0">
  <testcase classname="Parameters.QueryParameter" name="gitQuery" time="3.691"/>
  <system-out/>
</testsuite> <!-- Parameters.QueryParameter -->
