<?xml version="1.0" encoding="UTF-8"?>
<!-- Generated by org.testng.reporters.JUnitReportReporter -->
<testsuite hostname="DESKTOP-3EITVAF" failures="0" tests="1" name="RequestChaining.PostWithRandomAndPutTest" time="4.679" errors="0" timestamp="2022-10-06T16:56:59 IST" skipped="0">
  <testcase classname="RequestChaining.PostWithRandomAndPutTest" name="postAndPut" time="4.679"/>
  <system-out/>
</testsuite> <!-- RequestChaining.PostWithRandomAndPutTest -->
