<?xml version="1.0" encoding="UTF-8"?>
<!-- Generated by org.testng.reporters.JUnitReportReporter -->
<testsuite hostname="DESKTOP-3EITVAF" failures="0" tests="1" name="RequestChaining.PostAndGetTest" time="3.910" errors="0" timestamp="2022-10-06T13:29:25 IST" skipped="0">
  <testcase classname="RequestChaining.PostAndGetTest" name="postAndGet" time="3.910"/>
  <system-out/>
</testsuite> <!-- RequestChaining.PostAndGetTest -->
