<?xml version="1.0" encoding="UTF-8"?>
<!-- Generated by org.testng.reporters.JUnitReportReporter -->
<testsuite hostname="DESKTOP-3EITVAF" failures="0" tests="1" name="CRUDWithBDD.PostWithBDDTest" time="3.349" errors="0" timestamp="2022-10-10T15:07:34 IST" skipped="0">
  <testcase classname="CRUDWithBDD.PostWithBDDTest" name="PostTest" time="3.349"/>
  <system-out/>
</testsuite> <!-- CRUDWithBDD.PostWithBDDTest -->
