<?xml version="1.0" encoding="UTF-8"?>
<!-- Generated by org.testng.reporters.JUnitReportReporter -->
<testsuite hostname="DESKTOP-3EITVAF" failures="0" tests="1" name="RequestChaining.PostAndDeleteTest" time="4.336" errors="0" timestamp="2022-10-10T16:17:54 IST" skipped="0">
  <testcase classname="RequestChaining.PostAndDeleteTest" name="postAndDelete" time="4.336"/>
  <system-out/>
</testsuite> <!-- RequestChaining.PostAndDeleteTest -->
